2025-05-13 11:23:11,805 - ERROR - Configuration error: Archive directory not found: C:\Users\moh16\OneDrive\Desktop\Archives\task_manager
2025-05-13 11:30:07,288 - ERROR - Configuration error: Archive directory not found: C:\Users\moh16\OneDrive\Desktop\Archives\task_manager. Please ensure the archives are in C:\Users\moh16\OneDrive\Desktop\Archives\task_manager
2025-05-13 11:33:54,566 - ERROR - Configuration error: repo_path is required when archive_dir is not provided
2025-05-13 11:37:19,033 - ERROR - Configuration error: Archive directory not found: C:\Users\moh16\OneDrive\Desktop\Github_Repo_Fetche\Archives\Archives\task_manager. Please ensure the archives are in C:\Users\moh16\OneDrive\Desktop\Github_Repo_Fetche\Archives\Archives\task_manager
2025-05-13 11:37:32,844 - ERROR - Configuration error: Archive directory not found: C:\Users\moh16\OneDrive\Desktop\Github_Repo_Fetche\Archives\Archives\task_manager. Please ensure the archives are in C:\Users\moh16\OneDrive\Desktop\Github_Repo_Fetche\Archives\Archives\task_manager
2025-05-13 11:37:53,374 - INFO - Sending archives to https://mo21998.app.n8n.cloud/webhook-test/testing
2025-05-13 11:37:54,023 - INFO - Archives sent successfully
2025-05-13 12:00:38,218 - INFO - Sending archives to https://mo21998.app.n8n.cloud/webhook-test/testing
2025-05-13 12:00:38,890 - INFO - Archives sent successfully
2025-05-13 12:51:21,501 - INFO - Sending archives to https://mo21998.app.n8n.cloud/webhook-test/testing
2025-05-13 12:51:22,292 - INFO - Archives sent successfully
2025-05-13 13:21:08,665 - INFO - Sending archives to https://mo21998.app.n8n.cloud/webhook-test/testing
2025-05-13 13:21:09,264 - INFO - Archives sent successfully
2025-05-13 13:26:48,921 - INFO - Sending archives to https://mo21998.app.n8n.cloud/webhook-test/testing
2025-05-13 13:26:49,513 - INFO - Archives sent successfully
2025-05-25 00:08:49,472 - INFO - Sending archives to https://mon198.app.n8n.cloud/webhook/eba0ef66
2025-05-25 00:08:50,780 - ERROR - Failed to send archives. Status code: 404
2025-05-25 00:08:50,780 - ERROR - Response: {"code":404,"message":"The requested webhook \"POST eba0ef66\" is not registered.","hint":"The workflow must be active for a production URL to run successfully. You can activate the workflow using the toggle in the top-right of the editor. Note that unlike test URL calls, production URL calls aren't shown on the canvas (only in the executions list)"}
2025-05-25 00:23:58,989 - INFO - Sending archives to https://mon198.app.n8n.cloud/webhook/eba0ef66
2025-05-25 00:24:00,487 - ERROR - Failed to send archives. Status code: 404
2025-05-25 00:24:00,487 - ERROR - Response: {"code":404,"message":"The requested webhook \"POST eba0ef66\" is not registered.","hint":"The workflow must be active for a production URL to run successfully. You can activate the workflow using the toggle in the top-right of the editor. Note that unlike test URL calls, production URL calls aren't shown on the canvas (only in the executions list)"}
2025-05-25 00:29:16,388 - INFO - Sending archives to https://mon198.app.n8n.cloud/webhook/eba0ef66
2025-05-25 00:30:18,331 - ERROR - Failed to send archives. Status code: 404
2025-05-25 00:30:18,332 - ERROR - Response: !
2025-05-25 00:33:36,353 - INFO - Sending archives to https://mon198.app.n8n.cloud/webhook/eba0ef66
2025-05-25 00:34:38,321 - ERROR - Failed to send archives. Status code: 404
2025-05-25 00:34:38,321 - ERROR - Response: !
2025-05-25 00:38:30,644 - INFO - Sending archives to https://mon198.app.n8n.cloud/webhook/eba0ef66
2025-05-25 00:39:33,398 - ERROR - Failed to send archives. Status code: 404
2025-05-25 00:39:33,399 - ERROR - Response: !
2025-05-25 00:54:51,689 - INFO - Sending archives to https://mon198.app.n8n.cloud/webhook/eba0ef66
2025-05-25 00:54:53,553 - ERROR - Failed to send archives. Status code: 404
2025-05-25 00:54:53,553 - ERROR - Response: {"code":404,"message":"The requested webhook \"POST eba0ef66\" is not registered.","hint":"The workflow must be active for a production URL to run successfully. You can activate the workflow using the toggle in the top-right of the editor. Note that unlike test URL calls, production URL calls aren't shown on the canvas (only in the executions list)"}
2025-05-25 00:56:53,176 - INFO - Sending archives to https://mon198.app.n8n.cloud/webhook/eba0ef66
2025-05-25 01:02:51,347 - INFO - Sending archives to https://mon198.app.n8n.cloud/webhook-test/aq
2025-05-25 01:02:53,164 - INFO - Archives sent successfully
